{"uuid":"d0da05cf-dd15-417c-8220-93520ed6464b","historyId":"8d8342b7d2a2acabd5416b3e18a6719f","fullName":"tests.CreateProductTest.putProductWithBD","labels":[{"name":"junit.platform.uniqueid","value":"[engine:junit-jupiter]/[class:tests.CreateProductTest]/[method:putProductWithBD()]"},{"name":"host","value":"e50"},{"name":"thread","value":"13272@e50.main(1)"},{"name":"framework","value":"junit-platform"},{"name":"language","value":"java"},{"name":"package","value":"tests.CreateProductTest"},{"name":"testClass","value":"tests.CreateProductTest"},{"name":"testMethod","value":"putProductWithBD"},{"name":"suite","value":"tests.CreateProductTest"}],"links":[],"name":"putProductWithBD()","status":"broken","statusDetails":{"known":false,"muted":false,"flaky":false,"message":"\r\n### Error updating database.  Cause: org.apache.ibatis.executor.ExecutorException: Error selecting key or setting result to parameter object. Cause: org.postgresql.util.PSQLException: ERROR: syntax error at or near \"IDENTITY_VAL_LOCAL\"\n  Позиция: 8\r\n### The error may exist in db\\mapper\\xml\\ProductsMapper.xml\r\n### The error may involve db.dao.ProductsMapper.insertSelective!selectKey-Inline\r\n### The error occurred while setting parameters\r\n### SQL: VALUES IDENTITY_VAL_LOCAL()\r\n### Cause: org.apache.ibatis.executor.ExecutorException: Error selecting key or setting result to parameter object. Cause: org.postgresql.util.PSQLException: ERROR: syntax error at or near \"IDENTITY_VAL_LOCAL\"\n  Позиция: 8","trace":"org.apache.ibatis.exceptions.PersistenceException: \r\n### Error updating database.  Cause: org.apache.ibatis.executor.ExecutorException: Error selecting key or setting result to parameter object. Cause: org.postgresql.util.PSQLException: ERROR: syntax error at or near \"IDENTITY_VAL_LOCAL\"\n  Позиция: 8\r\n### The error may exist in db\\mapper\\xml\\ProductsMapper.xml\r\n### The error may involve db.dao.ProductsMapper.insertSelective!selectKey-Inline\r\n### The error occurred while setting parameters\r\n### SQL: VALUES IDENTITY_VAL_LOCAL()\r\n### Cause: org.apache.ibatis.executor.ExecutorException: Error selecting key or setting result to parameter object. Cause: org.postgresql.util.PSQLException: ERROR: syntax error at or near \"IDENTITY_VAL_LOCAL\"\n  Позиция: 8\r\n\tat org.apache.ibatis.exceptions.ExceptionFactory.wrapException(ExceptionFactory.java:30)\r\n\tat org.apache.ibatis.session.defaults.DefaultSqlSession.update(DefaultSqlSession.java:199)\r\n\tat org.apache.ibatis.session.defaults.DefaultSqlSession.insert(DefaultSqlSession.java:184)\r\n\tat org.apache.ibatis.binding.MapperMethod.execute(MapperMethod.java:62)\r\n\tat org.apache.ibatis.binding.MapperProxy$PlainMethodInvoker.invoke(MapperProxy.java:152)\r\n\tat org.apache.ibatis.binding.MapperProxy.invoke(MapperProxy.java:85)\r\n\tat jdk.proxy2/jdk.proxy2.$Proxy18.insertSelective(Unknown Source)\r\n\tat utils.DBInvocation.createNewProduct(DBInvocation.java:63)\r\n\tat tests.CreateProductTest.putProductWithBD(CreateProductTest.java:92)\r\n\tat java.base/jdk.internal.reflect.NativeMethodAccessorImpl.invoke0(Native Method)\r\n\tat java.base/jdk.internal.reflect.NativeMethodAccessorImpl.invoke(NativeMethodAccessorImpl.java:78)\r\n\tat java.base/jdk.internal.reflect.DelegatingMethodAccessorImpl.invoke(DelegatingMethodAccessorImpl.java:43)\r\n\tat java.base/java.lang.reflect.Method.invoke(Method.java:567)\r\n\tat org.junit.platform.commons.util.ReflectionUtils.invokeMethod(ReflectionUtils.java:725)\r\n\tat org.junit.jupiter.engine.execution.MethodInvocation.proceed(MethodInvocation.java:60)\r\n\tat org.junit.jupiter.engine.execution.InvocationInterceptorChain$ValidatingInvocation.proceed(InvocationInterceptorChain.java:131)\r\n\tat org.junit.jupiter.engine.extension.TimeoutExtension.intercept(TimeoutExtension.java:149)\r\n\tat org.junit.jupiter.engine.extension.TimeoutExtension.interceptTestableMethod(TimeoutExtension.java:140)\r\n\tat org.junit.jupiter.engine.extension.TimeoutExtension.interceptTestMethod(TimeoutExtension.java:84)\r\n\tat org.junit.jupiter.engine.execution.ExecutableInvoker$ReflectiveInterceptorCall.lambda$ofVoidMethod$0(ExecutableInvoker.java:115)\r\n\tat org.junit.jupiter.engine.execution.ExecutableInvoker.lambda$invoke$0(ExecutableInvoker.java:105)\r\n\tat org.junit.jupiter.engine.execution.InvocationInterceptorChain$InterceptedInvocation.proceed(InvocationInterceptorChain.java:106)\r\n\tat org.junit.jupiter.engine.execution.InvocationInterceptorChain.proceed(InvocationInterceptorChain.java:64)\r\n\tat org.junit.jupiter.engine.execution.InvocationInterceptorChain.chainAndInvoke(InvocationInterceptorChain.java:45)\r\n\tat org.junit.jupiter.engine.execution.InvocationInterceptorChain.invoke(InvocationInterceptorChain.java:37)\r\n\tat org.junit.jupiter.engine.execution.ExecutableInvoker.invoke(ExecutableInvoker.java:104)\r\n\tat org.junit.jupiter.engine.execution.ExecutableInvoker.invoke(ExecutableInvoker.java:98)\r\n\tat org.junit.jupiter.engine.descriptor.TestMethodTestDescriptor.lambda$invokeTestMethod$7(TestMethodTestDescriptor.java:214)\r\n\tat org.junit.platform.engine.support.hierarchical.ThrowableCollector.execute(ThrowableCollector.java:73)\r\n\tat org.junit.jupiter.engine.descriptor.TestMethodTestDescriptor.invokeTestMethod(TestMethodTestDescriptor.java:210)\r\n\tat org.junit.jupiter.engine.descriptor.TestMethodTestDescriptor.execute(TestMethodTestDescriptor.java:135)\r\n\tat org.junit.jupiter.engine.descriptor.TestMethodTestDescriptor.execute(TestMethodTestDescriptor.java:66)\r\n\tat org.junit.platform.engine.support.hierarchical.NodeTestTask.lambda$executeRecursively$6(NodeTestTask.java:151)\r\n\tat org.junit.platform.engine.support.hierarchical.ThrowableCollector.execute(ThrowableCollector.java:73)\r\n\tat org.junit.platform.engine.support.hierarchical.NodeTestTask.lambda$executeRecursively$8(NodeTestTask.java:141)\r\n\tat org.junit.platform.engine.support.hierarchical.Node.around(Node.java:137)\r\n\tat org.junit.platform.engine.support.hierarchical.NodeTestTask.lambda$executeRecursively$9(NodeTestTask.java:139)\r\n\tat org.junit.platform.engine.support.hierarchical.ThrowableCollector.execute(ThrowableCollector.java:73)\r\n\tat org.junit.platform.engine.support.hierarchical.NodeTestTask.executeRecursively(NodeTestTask.java:138)\r\n\tat org.junit.platform.engine.support.hierarchical.NodeTestTask.execute(NodeTestTask.java:95)\r\n\tat java.base/java.util.ArrayList.forEach(ArrayList.java:1511)\r\n\tat org.junit.platform.engine.support.hierarchical.SameThreadHierarchicalTestExecutorService.invokeAll(SameThreadHierarchicalTestExecutorService.java:41)\r\n\tat org.junit.platform.engine.support.hierarchical.NodeTestTask.lambda$executeRecursively$6(NodeTestTask.java:155)\r\n\tat org.junit.platform.engine.support.hierarchical.ThrowableCollector.execute(ThrowableCollector.java:73)\r\n\tat org.junit.platform.engine.support.hierarchical.NodeTestTask.lambda$executeRecursively$8(NodeTestTask.java:141)\r\n\tat org.junit.platform.engine.support.hierarchical.Node.around(Node.java:137)\r\n\tat org.junit.platform.engine.support.hierarchical.NodeTestTask.lambda$executeRecursively$9(NodeTestTask.java:139)\r\n\tat org.junit.platform.engine.support.hierarchical.ThrowableCollector.execute(ThrowableCollector.java:73)\r\n\tat org.junit.platform.engine.support.hierarchical.NodeTestTask.executeRecursively(NodeTestTask.java:138)\r\n\tat org.junit.platform.engine.support.hierarchical.NodeTestTask.execute(NodeTestTask.java:95)\r\n\tat java.base/java.util.ArrayList.forEach(ArrayList.java:1511)\r\n\tat org.junit.platform.engine.support.hierarchical.SameThreadHierarchicalTestExecutorService.invokeAll(SameThreadHierarchicalTestExecutorService.java:41)\r\n\tat org.junit.platform.engine.support.hierarchical.NodeTestTask.lambda$executeRecursively$6(NodeTestTask.java:155)\r\n\tat org.junit.platform.engine.support.hierarchical.ThrowableCollector.execute(ThrowableCollector.java:73)\r\n\tat org.junit.platform.engine.support.hierarchical.NodeTestTask.lambda$executeRecursively$8(NodeTestTask.java:141)\r\n\tat org.junit.platform.engine.support.hierarchical.Node.around(Node.java:137)\r\n\tat org.junit.platform.engine.support.hierarchical.NodeTestTask.lambda$executeRecursively$9(NodeTestTask.java:139)\r\n\tat org.junit.platform.engine.support.hierarchical.ThrowableCollector.execute(ThrowableCollector.java:73)\r\n\tat org.junit.platform.engine.support.hierarchical.NodeTestTask.executeRecursively(NodeTestTask.java:138)\r\n\tat org.junit.platform.engine.support.hierarchical.NodeTestTask.execute(NodeTestTask.java:95)\r\n\tat org.junit.platform.engine.support.hierarchical.SameThreadHierarchicalTestExecutorService.submit(SameThreadHierarchicalTestExecutorService.java:35)\r\n\tat org.junit.platform.engine.support.hierarchical.HierarchicalTestExecutor.execute(HierarchicalTestExecutor.java:57)\r\n\tat org.junit.platform.engine.support.hierarchical.HierarchicalTestEngine.execute(HierarchicalTestEngine.java:54)\r\n\tat org.junit.platform.launcher.core.EngineExecutionOrchestrator.execute(EngineExecutionOrchestrator.java:107)\r\n\tat org.junit.platform.launcher.core.EngineExecutionOrchestrator.execute(EngineExecutionOrchestrator.java:88)\r\n\tat org.junit.platform.launcher.core.EngineExecutionOrchestrator.lambda$execute$0(EngineExecutionOrchestrator.java:54)\r\n\tat org.junit.platform.launcher.core.EngineExecutionOrchestrator.withInterceptedStreams(EngineExecutionOrchestrator.java:67)\r\n\tat org.junit.platform.launcher.core.EngineExecutionOrchestrator.execute(EngineExecutionOrchestrator.java:52)\r\n\tat org.junit.platform.launcher.core.DefaultLauncher.execute(DefaultLauncher.java:114)\r\n\tat org.junit.platform.launcher.core.DefaultLauncher.execute(DefaultLauncher.java:86)\r\n\tat org.junit.platform.launcher.core.DefaultLauncherSession$DelegatingLauncher.execute(DefaultLauncherSession.java:86)\r\n\tat org.junit.platform.launcher.core.SessionPerRequestLauncher.execute(SessionPerRequestLauncher.java:53)\r\n\tat com.intellij.junit5.JUnit5IdeaTestRunner.startRunnerWithArgs(JUnit5IdeaTestRunner.java:71)\r\n\tat com.intellij.rt.junit.IdeaTestRunner$Repeater.startRunnerWithArgs(IdeaTestRunner.java:33)\r\n\tat com.intellij.rt.junit.JUnitStarter.prepareStreamsAndStart(JUnitStarter.java:235)\r\n\tat com.intellij.rt.junit.JUnitStarter.main(JUnitStarter.java:54)\r\nCaused by: org.apache.ibatis.executor.ExecutorException: Error selecting key or setting result to parameter object. Cause: org.postgresql.util.PSQLException: ERROR: syntax error at or near \"IDENTITY_VAL_LOCAL\"\n  Позиция: 8\r\n\tat org.apache.ibatis.executor.keygen.SelectKeyGenerator.processGeneratedKeys(SelectKeyGenerator.java:90)\r\n\tat org.apache.ibatis.executor.keygen.SelectKeyGenerator.processAfter(SelectKeyGenerator.java:54)\r\n\tat org.apache.ibatis.executor.statement.PreparedStatementHandler.update(PreparedStatementHandler.java:51)\r\n\tat org.apache.ibatis.executor.statement.RoutingStatementHandler.update(RoutingStatementHandler.java:74)\r\n\tat org.apache.ibatis.executor.SimpleExecutor.doUpdate(SimpleExecutor.java:50)\r\n\tat org.apache.ibatis.executor.BaseExecutor.update(BaseExecutor.java:117)\r\n\tat org.apache.ibatis.executor.CachingExecutor.update(CachingExecutor.java:76)\r\n\tat org.apache.ibatis.session.defaults.DefaultSqlSession.update(DefaultSqlSession.java:197)\r\n\t... 74 more\r\nCaused by: org.postgresql.util.PSQLException: ERROR: syntax error at or near \"IDENTITY_VAL_LOCAL\"\n  Позиция: 8\r\n\tat org.postgresql.core.v3.QueryExecutorImpl.receiveErrorResponse(QueryExecutorImpl.java:2553)\r\n\tat org.postgresql.core.v3.QueryExecutorImpl.processResults(QueryExecutorImpl.java:2285)\r\n\tat org.postgresql.core.v3.QueryExecutorImpl.execute(QueryExecutorImpl.java:323)\r\n\tat org.postgresql.jdbc.PgStatement.executeInternal(PgStatement.java:473)\r\n\tat org.postgresql.jdbc.PgStatement.execute(PgStatement.java:393)\r\n\tat org.postgresql.jdbc.PgPreparedStatement.executeWithFlags(PgPreparedStatement.java:164)\r\n\tat org.postgresql.jdbc.PgPreparedStatement.execute(PgPreparedStatement.java:153)\r\n\tat org.apache.ibatis.executor.statement.PreparedStatementHandler.query(PreparedStatementHandler.java:64)\r\n\tat org.apache.ibatis.executor.statement.RoutingStatementHandler.query(RoutingStatementHandler.java:79)\r\n\tat org.apache.ibatis.executor.SimpleExecutor.doQuery(SimpleExecutor.java:63)\r\n\tat org.apache.ibatis.executor.BaseExecutor.queryFromDatabase(BaseExecutor.java:325)\r\n\tat org.apache.ibatis.executor.BaseExecutor.query(BaseExecutor.java:156)\r\n\tat org.apache.ibatis.executor.CachingExecutor.query(CachingExecutor.java:109)\r\n\tat org.apache.ibatis.executor.CachingExecutor.query(CachingExecutor.java:89)\r\n\tat org.apache.ibatis.executor.keygen.SelectKeyGenerator.processGeneratedKeys(SelectKeyGenerator.java:67)\r\n\t... 81 more\r\n"},"stage":"finished","description":"","steps":[],"attachments":[],"parameters":[],"start":1644784148220,"stop":1644784149645}